<?xml version="1.0" encoding="UTF-8"?>
<!-- Generated by org.testng.reporters.JUnitReportReporter -->
<testsuite hostname="Siva-PC" failures="0" tests="1" name="Leads.LeadTc4" time="36.352" errors="0" timestamp="2021-11-17T18:19:54 IST" skipped="0">
  <testcase classname="Leads.LeadTc4" name="Tc4" time="36.352"/>
  <system-out/>
</testsuite> <!-- Leads.LeadTc4 -->
