<?xml version="1.0" encoding="UTF-8"?>
<!-- Generated by org.testng.reporters.JUnitReportReporter -->
<testsuite hostname="Siva-PC" failures="0" tests="1" name="Leads.LeadTc11Test" time="65.835" errors="0" timestamp="2021-12-23T13:42:24 IST" skipped="0">
  <testcase classname="Leads.LeadTc11Test" name="Tc10" time="65.835"/>
  <system-out/>
</testsuite> <!-- Leads.LeadTc11Test -->
