<?xml version="1.0" encoding="UTF-8"?>
<!-- Generated by org.testng.reporters.JUnitReportReporter -->
<testsuite hostname="Siva-PC" failures="0" tests="1" name="Leads.LeadTc11" time="46.349" errors="0" timestamp="2021-11-30T18:29:03 IST" skipped="0">
  <testcase classname="Leads.LeadTc11" name="Tc10" time="46.349"/>
  <system-out/>
</testsuite> <!-- Leads.LeadTc11 -->
