<?xml version="1.0" encoding="UTF-8"?>
<!-- Generated by org.testng.reporters.JUnitReportReporter -->
<testsuite hostname="Siva-PC" failures="0" tests="1" name="Leads.LeadTc8" time="39.685" errors="0" timestamp="2021-11-17T23:10:21 IST" skipped="0">
  <testcase classname="Leads.LeadTc8" name="Tc6" time="39.685"/>
  <system-out/>
</testsuite> <!-- Leads.LeadTc8 -->
