<?xml version="1.0" encoding="UTF-8"?>
<!-- Generated by org.testng.reporters.JUnitReportReporter -->
<testsuite hostname="Siva-PC" failures="0" tests="1" name="com.com.json.ReadJsonTest" time="20.123" errors="0" timestamp="2021-11-19T16:55:46 IST" skipped="0">
  <testcase classname="com.com.json.ReadJsonTest" name="ReadLogindata" time="20.123"/>
  <system-out/>
</testsuite> <!-- com.com.json.ReadJsonTest -->
