<?xml version="1.0" encoding="UTF-8"?>
<!-- Generated by org.testng.reporters.JUnitReportReporter -->
<testsuite hostname="Siva-PC" failures="0" tests="1" name="Leads.LeadTc14" time="25.019" errors="0" timestamp="2021-11-18T00:12:01 IST" skipped="0">
  <testcase classname="Leads.LeadTc14" name="Tc10" time="25.019"/>
  <system-out/>
</testsuite> <!-- Leads.LeadTc14 -->
