<?xml version="1.0" encoding="UTF-8"?>
<!-- Generated by org.testng.reporters.JUnitReportReporter -->
<testsuite hostname="Siva-PC" failures="0" tests="1" name="CRM.BaseClass" time="24.464" errors="0" timestamp="2021-11-16T23:03:29 IST" skipped="0">
  <testcase classname="CRM.BaseClass" name="f" time="24.464"/>
  <system-out/>
</testsuite> <!-- CRM.BaseClass -->
