<?xml version="1.0" encoding="UTF-8"?>
<!-- Generated by org.testng.reporters.JUnitReportReporter -->
<testsuite hostname="Siva-PC" failures="0" tests="1" name="Leads.LeadTc15a" time="58.245" errors="0" timestamp="2021-11-18T00:35:45 IST" skipped="0">
  <testcase classname="Leads.LeadTc15a" name="Tc15_" time="58.245"/>
  <system-out/>
</testsuite> <!-- Leads.LeadTc15a -->
