<?xml version="1.0" encoding="UTF-8"?>
<!-- Generated by org.testng.reporters.JUnitReportReporter -->
<testsuite hostname="Siva-PC" failures="0" tests="5" name="Leads.Lead_All_Test" time="124.405" errors="0" timestamp="2021-11-30T15:11:15 IST" skipped="0">
  <testcase classname="Leads.Lead_All_Test" name="tc3" time="21.894"/>
  <system-out/>
  <testcase classname="Leads.Lead_All_Test" name="tc1" time="22.267"/>
  <system-out/>
  <testcase classname="Leads.Lead_All_Test" name="Tc4" time="27.321"/>
  <system-out/>
  <testcase classname="Leads.Lead_All_Test" name="industri_Tc2" time="22.534"/>
  <system-out/>
  <testcase classname="Leads.Lead_All_Test" name="Tc6" time="30.389"/>
  <system-out/>
</testsuite> <!-- Leads.Lead_All_Test -->
