<?xml version="1.0" encoding="UTF-8"?>
<!-- Generated by org.testng.reporters.JUnitReportReporter -->
<testsuite hostname="Siva-PC" failures="0" tests="1" name="Leads.LeadsTc3" time="31.415" errors="0" timestamp="2021-11-30T14:46:54 IST" skipped="0">
  <testcase classname="Leads.LeadsTc3" name="tc3" time="31.415"/>
  <system-out/>
</testsuite> <!-- Leads.LeadsTc3 -->
