<?xml version="1.0" encoding="UTF-8"?>
<!-- Generated by org.testng.reporters.JUnitReportReporter -->
<testsuite hostname="Siva-PC" failures="0" tests="8" name="com.crm.pomTest.test1" time="198.667" errors="0" timestamp="2021-12-03T10:23:26 IST" skipped="0">
  <testcase classname="com.crm.pomTest.test1" name="tc1" time="27.690"/>
  <system-out/>
  <testcase classname="com.crm.pomTest.test1" name="tc6" time="21.016"/>
  <system-out/>
  <testcase classname="com.crm.pomTest.test1" name="tc7" time="19.094"/>
  <system-out/>
  <testcase classname="com.crm.pomTest.test1" name="tc3" time="25.222"/>
  <system-out/>
  <testcase classname="com.crm.pomTest.test1" name="tc5" time="28.697"/>
  <system-out/>
  <testcase classname="com.crm.pomTest.test1" name="tc8" time="15.783"/>
  <system-out/>
  <testcase classname="com.crm.pomTest.test1" name="tc2" time="26.525"/>
  <system-out/>
  <testcase classname="com.crm.pomTest.test1" name="tc4" time="34.640"/>
  <system-out/>
</testsuite> <!-- com.crm.pomTest.test1 -->
