<?xml version="1.0" encoding="UTF-8"?>
<!-- Generated by org.testng.reporters.JUnitReportReporter -->
<testsuite hostname="Siva-PC" failures="0" tests="1" name="Leads.LeadTc9" time="48.065" errors="0" timestamp="2021-11-17T23:22:11 IST" skipped="0">
  <testcase classname="Leads.LeadTc9" name="Tc6" time="48.065"/>
  <system-out/>
</testsuite> <!-- Leads.LeadTc9 -->
