<?xml version="1.0" encoding="UTF-8"?>
<!-- Generated by org.testng.reporters.JUnitReportReporter -->
<testsuite hostname="Siva-PC" failures="0" tests="1" name="Leads.LeadTc15" time="41.821" errors="0" timestamp="2021-11-18T00:20:33 IST" skipped="0">
  <testcase classname="Leads.LeadTc15" name="Tc10" time="41.821"/>
  <system-out/>
</testsuite> <!-- Leads.LeadTc15 -->
