<?xml version="1.0" encoding="UTF-8"?>
<!-- Generated by org.testng.reporters.JUnitReportReporter -->
<testsuite hostname="Siva-PC" failures="0" tests="1" name="Leads.LeadTc13Test" time="29.423" errors="0" timestamp="2021-12-23T13:42:24 IST" skipped="0">
  <testcase classname="Leads.LeadTc13Test" name="Tc10" time="29.423"/>
  <system-out/>
</testsuite> <!-- Leads.LeadTc13Test -->
