<?xml version="1.0" encoding="UTF-8"?>
<!-- Generated by org.testng.reporters.JUnitReportReporter -->
<testsuite hostname="Siva-PC" failures="0" tests="1" name="Leads.LeadTc5" time="23.663" errors="0" timestamp="2021-11-17T22:48:44 IST" skipped="0">
  <testcase classname="Leads.LeadTc5" name="Tc5" time="23.663"/>
  <system-out/>
</testsuite> <!-- Leads.LeadTc5 -->
