<?xml version="1.0" encoding="UTF-8"?>
<!-- Generated by org.testng.reporters.JUnitReportReporter -->
<testsuite hostname="Siva-PC" failures="0" tests="1" name="Leads.LeadTc13" time="41.095" errors="0" timestamp="2021-11-30T18:29:03 IST" skipped="0">
  <testcase classname="Leads.LeadTc13" name="Tc10" time="41.095"/>
  <system-out/>
</testsuite> <!-- Leads.LeadTc13 -->
