<?xml version="1.0" encoding="UTF-8"?>
<!-- Generated by org.testng.reporters.JUnitReportReporter -->
<testsuite hostname="Siva-PC" failures="0" tests="1" name="OpportunityTc.Tc02" time="27.454" errors="0" timestamp="2021-11-23T18:25:36 IST" skipped="0">
  <testcase classname="OpportunityTc.Tc02" name="contect" time="27.454"/>
  <system-out/>
</testsuite> <!-- OpportunityTc.Tc02 -->
