<?xml version="1.0" encoding="UTF-8"?>
<!-- Generated by org.testng.reporters.JUnitReportReporter -->
<testsuite hostname="Siva-PC" failures="0" tests="1" name="Utility.LoginUsingProperties" time="10.577" errors="0" timestamp="2021-11-23T12:32:22 IST" skipped="0">
  <testcase classname="Utility.LoginUsingProperties" name="loginproperties" time="10.577"/>
  <system-out/>
</testsuite> <!-- Utility.LoginUsingProperties -->
