<?xml version="1.0" encoding="UTF-8"?>
<!-- Generated by org.testng.reporters.JUnitReportReporter -->
<testsuite hostname="Siva-PC" failures="0" tests="1" name="Leads.LeadTc10" time="43.187" errors="0" timestamp="2021-11-17T23:52:05 IST" skipped="0">
  <testcase classname="Leads.LeadTc10" name="Tc10" time="43.187"/>
  <system-out/>
</testsuite> <!-- Leads.LeadTc10 -->
