<?xml version="1.0" encoding="UTF-8"?>
<!-- Generated by org.testng.reporters.JUnitReportReporter -->
<testsuite hostname="Siva-PC" failures="0" tests="5" name="com.crm.train.Dataprovidertest" time="0.040" errors="0" timestamp="2021-11-26T17:48:37 IST" skipped="0">
  <testcase classname="com.crm.train.Dataprovidertest" name="dataprovider" time="0.026"/>
  <system-out/>
  <testcase classname="com.crm.train.Dataprovidertest" name="dataprovider" time="0.005"/>
  <system-out/>
  <testcase classname="com.crm.train.Dataprovidertest" name="dataprovider" time="0.003"/>
  <system-out/>
  <testcase classname="com.crm.train.Dataprovidertest" name="dataprovider" time="0.003"/>
  <system-out/>
  <testcase classname="com.crm.train.Dataprovidertest" name="dataprovider" time="0.003"/>
  <system-out/>
</testsuite> <!-- com.crm.train.Dataprovidertest -->
