<?xml version="1.0" encoding="UTF-8"?>
<!-- Generated by org.testng.reporters.JUnitReportReporter -->
<testsuite hostname="Siva-PC" failures="0" tests="1" name="Utility.jsonreadLogin" time="8.988" errors="0" timestamp="2021-11-23T12:47:06 IST" skipped="0">
  <testcase classname="Utility.jsonreadLogin" name="loginjson" time="8.988"/>
  <system-out/>
</testsuite> <!-- Utility.jsonreadLogin -->
