<?xml version="1.0" encoding="UTF-8"?>
<!-- Generated by org.testng.reporters.JUnitReportReporter -->
<testsuite hostname="Siva-PC" failures="0" tests="1" name="Leads.LeadTc6" time="39.186" errors="0" timestamp="2021-11-17T22:57:18 IST" skipped="0">
  <testcase classname="Leads.LeadTc6" name="Tc6" time="39.186"/>
  <system-out/>
</testsuite> <!-- Leads.LeadTc6 -->
