<?xml version="1.0" encoding="UTF-8"?>
<!-- Generated by org.testng.reporters.JUnitReportReporter -->
<testsuite hostname="Siva-PC" failures="0" tests="1" name="com.crm.pomTest.itestdemo" time="31.678" errors="0" timestamp="2021-12-15T17:33:21 IST" skipped="0">
  <testcase classname="com.crm.pomTest.itestdemo" name="tc1" time="31.678"/>
  <system-out/>
</testsuite> <!-- com.crm.pomTest.itestdemo -->
