<?xml version="1.0" encoding="UTF-8"?>
<!-- Generated by org.testng.reporters.JUnitReportReporter -->
<testsuite hostname="Siva-PC" failures="0" tests="3" name="TestNg.order_of_execution_annotations" time="0.021" errors="0" timestamp="2021-11-29T13:37:09 IST" skipped="0">
  <testcase classname="TestNg.order_of_execution_annotations" name="wednesday" time="0.005"/>
  <system-out/>
  <testcase classname="TestNg.order_of_execution_annotations" name="monday" time="0.011"/>
  <system-out/>
  <testcase classname="TestNg.order_of_execution_annotations" name="tuesday" time="0.005"/>
  <system-out/>
</testsuite> <!-- TestNg.order_of_execution_annotations -->
