<?xml version="1.0" encoding="UTF-8"?>
<!-- Generated by org.testng.reporters.JUnitReportReporter -->
<testsuite hostname="Siva-PC" failures="0" tests="1" name="Utility.InsertDataAndGetDb" time="1.081" errors="0" timestamp="2021-11-23T16:16:59 IST" skipped="0">
  <testcase classname="Utility.InsertDataAndGetDb" name="tc1" time="1.081"/>
  <system-out/>
</testsuite> <!-- Utility.InsertDataAndGetDb -->
