<?xml version="1.0" encoding="UTF-8"?>
<!-- Generated by org.testng.reporters.JUnitReportReporter -->
<testsuite hostname="Siva-PC" failures="0" tests="1" name="Leads.LeadTc13Test" time="45.172" errors="0" timestamp="2021-12-27T16:50:19 IST" skipped="0">
  <testcase classname="Leads.LeadTc13Test" name="Tc10" time="45.172"/>
  <system-out/>
</testsuite> <!-- Leads.LeadTc13Test -->
