<?xml version="1.0" encoding="UTF-8"?>
<!-- Generated by org.testng.reporters.JUnitReportReporter -->
<testsuite hostname="Siva-PC" failures="0" tests="1" name="Leads.LeadsTc1" time="24.332" errors="0" timestamp="2021-11-29T22:50:19 IST" skipped="0">
  <testcase classname="Leads.LeadsTc1" name="tc1" time="24.332"/>
  <system-out/>
</testsuite> <!-- Leads.LeadsTc1 -->
